<?xml version="1.0" encoding="UTF-8"?>
<!-- Generated by org.testng.reporters.JUnitReportReporter -->
<testsuite skipped="0" hostname="DESKTOP-0M1MH5T" name="io.restassured.test.PutTest" tests="1" failures="0" timestamp="06 Sep 2019 02:06:13 GMT" time="4.399" errors="0">
  <testcase name="putTest" time="4.399" classname="io.restassured.test.PutTest"/>
</testsuite> <!-- io.restassured.test.PutTest -->
