<?xml version="1.0" encoding="UTF-8"?>
<!-- Generated by org.testng.reporters.JUnitReportReporter -->
<testsuite skipped="0" hostname="DESKTOP-0M1MH5T" name="io.restassured.test.GetTest" tests="1" failures="0" timestamp="05 Sep 2019 02:39:58 GMT" time="6.274" errors="0">
  <testcase name="GetListUser" time="6.274" classname="io.restassured.test.GetTest"/>
</testsuite> <!-- io.restassured.test.GetTest -->
