<?xml version="1.0" encoding="UTF-8"?>
<!-- Generated by org.testng.reporters.JUnitReportReporter -->
<testsuite skipped="0" hostname="DESKTOP-0M1MH5T" name="io.restassured.test.DeleteTest" tests="1" failures="0" timestamp="06 Sep 2019 02:09:21 GMT" time="4.094" errors="0">
  <testcase name="deleteTest" time="4.094" classname="io.restassured.test.DeleteTest"/>
</testsuite> <!-- io.restassured.test.DeleteTest -->
